2022-05-03 12:39:47 [[32minfo[39m] [[36mShard[39m] Shard 1/1 is connected
2022-05-03 12:39:58 [[32minfo[39m] [[36mShard[39m] Shard 1/1 is connected
2022-05-03 12:40:16 [[32minfo[39m] [[36mShard[39m] Shard 1/1 is connected
2022-05-03 12:40:53 [[32minfo[39m] [[36mShard[39m] Shard 1/1 is connected
2022-05-03 12:41:17 [[32minfo[39m] [[36mShard[39m] Shard 1/1 is connected
2022-05-03 12:41:38 [[32minfo[39m] [[36mShard[39m] Shard 1/1 is connected
2022-05-03 12:41:57 [[32minfo[39m] [[36mShard[39m] Shard 1/1 is connected
2022-05-03 12:42:26 [[32minfo[39m] [[36mShard[39m] Shard 1/1 is connected
2022-05-03 12:44:39 [[32minfo[39m] [[36mShard[39m] Shard 1/1 is connected
2022-05-03 12:45:16 [[32minfo[39m] [[36mShard[39m] Shard 1/1 is connected
2022-05-03 12:45:32 [[32minfo[39m] [[36mGuilds[39m] Joined to "☆♤《HOMIES》♤☆" (780037482346577940)
2022-05-03 12:45:46 [[32minfo[39m] [[36mShard[39m] Shard 1/1 is connected
2022-05-03 12:49:28 [[32minfo[39m] [[36mRate Limit[39m] Time out: 526ms. Limit: 5
2022-05-03 12:49:37 [[32minfo[39m] [[36mShard[39m] Shard 1/1 is connected
2022-05-03 12:50:23 [[32minfo[39m] [[36mShard[39m] Shard 1/1 is connected
2022-05-03 12:53:11 [[32minfo[39m] [[36mShard[39m] Shard 1/1 is connected
2022-05-03 12:54:44 [[32minfo[39m] [[36mShard[39m] Shard 1/1 is connected
2022-05-03 13:01:23 [[32minfo[39m] [[36mShard[39m] Shard 1/1 is connected
2022-05-03 13:03:42 [[32minfo[39m] [[36mShard[39m] Shard 1/1 is connected
2022-05-03 13:15:44 [[32minfo[39m] [[36mShard[39m] Shard 1/1 is connected
2022-05-03 13:16:02 [[32minfo[39m] [[36mCommand[39m] "+help" (help) ran by "LoneWolf#0022" (794921502230577182) on guild "Æther Realm • Legends II" (785776583218036756) channel "#💬︰chat" (785776583502856193)
2022-05-03 13:16:18 [[32minfo[39m] [[36mCommand[39m] "+help config" (help) ran by "LoneWolf#0022" (794921502230577182) on guild "Æther Realm • Legends II" (785776583218036756) channel "#💬︰chat" (785776583502856193)
2022-05-03 13:18:35 [[32minfo[39m] [[36mShard[39m] Shard 1/1 is connected
2022-05-03 13:24:54 [[32minfo[39m] [[36mShard[39m] Shard 1/1 is connected
2022-05-03 13:27:09 [[32minfo[39m] [[36mShard[39m] Shard 1/1 is connected
2022-05-03 13:29:36 [[32minfo[39m] [[36mCommand[39m] "+support" (support) ran by "LoneWolf#0022" (794921502230577182) on guild "Aeona's Server" (942062344840822824) channel "#moderator-only" (942118536166383717)
2022-05-03 13:34:03 [[32minfo[39m] [[36mShard[39m] Shard 1/1 is connected
2022-05-03 13:34:04 [[32minfo[39m] [[36mCommand[39m] "+help" (help) ran by "LoneWolf#0022" (794921502230577182) on guild "Aeona's Server" (942062344840822824) channel "#moderator-only" (942118536166383717)
2022-05-03 13:36:27 [[32minfo[39m] [[36mCommand[39m] "+help" (help) ran by "LoneWolf#0022" (794921502230577182) on guild "G.N.S" (862570145124843541) channel "#☕・general" (951328983063089162)
2022-05-03 13:39:02 [[32minfo[39m] [[36mShard[39m] Shard 1/1 is connected
2022-05-03 13:56:08 [[32minfo[39m] [[36mShard[39m] Shard 1/1 is connected
2022-05-03 13:59:08 [[32minfo[39m] [[36mShard[39m] Shard 1/1 is connected
2022-05-03 14:00:12 [[32minfo[39m] [[36mShard[39m] Shard 1/1 is connected
2022-05-03 14:01:24 [[32minfo[39m] [[36mShard[39m] Shard 1/1 is connected
2022-05-03 14:01:44 [[32minfo[39m] [[36mShard[39m] Shard 1/1 is connected
2022-05-03 14:03:10 [[32minfo[39m] [[36mShard[39m] Shard 1/1 is connected
2022-05-03 14:03:42 [[32minfo[39m] [[36mShard[39m] Shard 1/1 is connected
2022-05-03 14:05:26 [[32minfo[39m] [[36mShard[39m] Shard 1/1 is connected
2022-05-03 14:06:04 [[32minfo[39m] [[36mShard[39m] Shard 1/1 is connected
2022-05-03 14:06:59 [[32minfo[39m] [[36mShard[39m] Shard 1/1 is connected
2022-05-03 15:08:12 [[32minfo[39m] [[36mShard[39m] Shard 1/1 is connected
2022-05-03 15:10:24 [[32minfo[39m] [[36mShard[39m] Shard 1/1 is connected
2022-05-03 15:18:46 [[32minfo[39m] [[36mCommand[39m] "+slap <@728164823480926219>" (slap) ran by "Crusher#9320" (799829439567364117) on guild "Da Bro’s 😘" (952966075493023804) channel "#bot-playground" (952975654247338095)
2022-05-03 15:18:56 [[32minfo[39m] [[36mShard[39m] Shard 1/1 is connected
2022-05-03 15:29:28 [[32minfo[39m] [[36mShard[39m] Shard 1/1 is connected
2022-05-03 15:34:48 [[32minfo[39m] [[36mGuilds[39m] Joined to "8c server" (948546142906486794)
2022-05-03 15:35:00 [[32minfo[39m] [[36mShard[39m] Shard 1/1 is connected
2022-05-03 15:42:02 [[32minfo[39m] [[36mShard[39m] Shard 1/1 is connected
2022-05-03 15:53:24 [[32minfo[39m] [[36mShard[39m] Shard 1/1 is connected
2022-05-03 16:30:21 [[32minfo[39m] [[36mCommand[39m] "+help" (help) ran by "TechAllByHarshit#1503" (451693463742840842) on guild "Aeona's Server" (942062344840822824) channel "#🤖・commands" (970641147347234876)
2022-05-03 16:30:48 [[32minfo[39m] [[36mCommand[39m] "+help alt detector" (help) ran by "TechAllByHarshit#1503" (451693463742840842) on guild "Aeona's Server" (942062344840822824) channel "#🤖・commands" (970641147347234876)
2022-05-03 16:31:41 [[32minfo[39m] [[36mShard[39m] Shard 1/1 has resumed
2022-05-03 16:31:49 [[32minfo[39m] [[36mShard[39m] Shard 1/1 is connected
2022-05-03 16:34:45 [[32minfo[39m] [[36mCommand[39m] "+help applications" (help) ran by "TechAllByHarshit#1503" (451693463742840842) on guild "Aeona's Server" (942062344840822824) channel "#🤖・commands" (970641147347234876)
2022-05-03 16:35:41 [[32minfo[39m] [[36mCommand[39m] "+help config" (help) ran by "TechAllByHarshit#1503" (451693463742840842) on guild "Aeona's Server" (942062344840822824) channel "#🤖・commands" (970641147347234876)
2022-05-03 16:35:56 [[32minfo[39m] [[36mShard[39m] Shard 1/1 is connected
2022-05-03 19:16:27 [[32minfo[39m] [[36mShard[39m] Shard 1/1 is connected
2022-05-03 23:11:48 [[32minfo[39m] [[36mShard[39m] Shard 1/1 is connected
2022-05-04 00:32:37 [[32minfo[39m] [[36mShard[39m] Shard 1/1 has resumed
2022-05-04 01:06:01 [[32minfo[39m] [[36mGuilds[39m] Joined to "-dt- 尺丹山尺ﾌﾌム's server" (851979855087927327)
2022-05-04 01:13:42 [[32minfo[39m] [[36mShard[39m] Shard 1/1 has resumed
2022-05-04 01:24:04 [[32minfo[39m] [[36mCommand[39m] "+help" (help) ran by "-dt- 尺丹山尺ﾌﾌム#4715" (688517110456123404) on guild "-dt- 尺丹山尺ﾌﾌム's server" (851979855087927327) channel "#general" (851979855712354306)
2022-05-04 01:24:25 [[32minfo[39m] [[36mCommand[39m] "+help fun" (help) ran by "-dt- 尺丹山尺ﾌﾌム#4715" (688517110456123404) on guild "-dt- 尺丹山尺ﾌﾌム's server" (851979855087927327) channel "#general" (851979855712354306)
2022-05-04 01:25:40 [[32minfo[39m] [[36mCommand[39m] "+dicksize" (dicksize) ran by "-dt- 尺丹山尺ﾌﾌム#4715" (688517110456123404) on guild "-dt- 尺丹山尺ﾌﾌム's server" (851979855087927327) channel "#general" (851979855712354306)
2022-05-04 01:25:59 [[32minfo[39m] [[36mCommand[39m] "+dicksize" (dicksize) ran by "-dt- 尺丹山尺ﾌﾌム#4715" (688517110456123404) on guild "-dt- 尺丹山尺ﾌﾌム's server" (851979855087927327) channel "#general" (851979855712354306)
2022-05-04 01:26:18 [[32minfo[39m] [[36mCommand[39m] "+simprate" (simprate) ran by "-dt- 尺丹山尺ﾌﾌム#4715" (688517110456123404) on guild "-dt- 尺丹山尺ﾌﾌム's server" (851979855087927327) channel "#general" (851979855712354306)
2022-05-04 02:48:38 [[32minfo[39m] [[36mShard[39m] Shard 1/1 has resumed
2022-05-04 03:10:32 [[32minfo[39m] [[36mCommand[39m] "+ban <@851696499188563978> nsfw, breaking rule number 2 and abusing member." (ban) ran by "NameNotTaken#0160" (911627349135613952) on guild "Aeona's Server" (942062344840822824) channel "#💬・general" (970641144293781525)
2022-05-04 04:01:45 [[32minfo[39m] [[36mCommand[39m] "+help" (help) ran by "LoneWolf#0022" (794921502230577182) on guild "Æther Realm • Legends II" (785776583218036756) channel "#💬︰chat" (785776583502856193)
2022-05-04 04:02:04 [[32minfo[39m] [[36mCommand[39m] "+help utility" (help) ran by "LoneWolf#0022" (794921502230577182) on guild "Æther Realm • Legends II" (785776583218036756) channel "#💬︰chat" (785776583502856193)
2022-05-04 04:02:53 [[32minfo[39m] [[36mCommand[39m] "+invite" (invite) ran by "LoneWolf#0022" (794921502230577182) on guild "Aeona Developement Server" (960053538115952682) channel "#general" (960053538115952685)
2022-05-04 04:03:26 [[32minfo[39m] [[36mCommand[39m] "+help config" (help) ran by "LoneWolf#0022" (794921502230577182) on guild "Æther Realm • Legends II" (785776583218036756) channel "#💬︰chat" (785776583502856193)
2022-05-04 04:22:04 [[32minfo[39m] [[36mCommand[39m] "+help owner" (help) ran by "LoneWolf#0022" (794921502230577182) on guild "Allen Peeps" (962745632194461706) channel "#separate-channel" (963054255701372998)
2022-05-04 04:22:49 [[32minfo[39m] [[36mCommand[39m] "+eval console.log("hi")" (eval) ran by "LoneWolf#0022" (794921502230577182) on guild "Allen Peeps" (962745632194461706) channel "#separate-channel" (963054255701372998)
2022-05-04 04:31:46 [[32minfo[39m] [[36mShard[39m] Shard 1/1 is connected
